2018-10-11 15:59:34,496 INFO Log started
2018-10-11 15:59:34,496 INFO Current UA : Opera/9.80 (Android 4.1.2; Linux; Opera Mobi/ADR-1305251841) Presto/2.11.355 Version/12.10
2018-10-11 15:59:34,496 INFO Current Target URL : bestsacramentomovers.co
2018-10-11 15:59:38,233 INFO Current Screen Resolution : {'h': '1080', 'w': '1920'}
2018-10-11 15:59:38,316 INFO Task Starts
2018-10-11 15:59:38,316 INFO Current Estimating Session Duration: 154
2018-10-11 15:59:45,952 INFO Get YELP.COM at 7.635980844497681
2018-10-11 15:59:52,960 INFO main search button at 14.643551111221313
2018-10-11 15:59:53,010 INFO We have no found the searched company name: Best Sacramento Movers  into the current page : 1, get next page. time : 14.693319320678711
2018-10-11 15:59:53,158 INFO Sleep 5 secs. time : 14.841497898101807
2018-10-11 15:59:58,163 INFO Click!. time : 19.846373319625854
2018-10-11 15:59:58,631 INFO We found the `Next` button. Gonna get the next page: 2. time : 20.314476490020752
2018-10-11 15:59:58,673 INFO We have no found the searched company name: Best Sacramento Movers  into the current page : 2, get next page. time : 20.357019662857056
2018-10-11 15:59:58,717 INFO Sleep 5 secs. time : 20.4012234210968
2018-10-11 16:00:03,719 INFO Click!. time : 25.402599811553955
2018-10-11 16:00:04,640 INFO We have no found the searched company name: Best Sacramento Movers  into the current page : 2, get next page. time : 26.323426008224487
2018-10-11 16:00:04,674 INFO Sleep 5 secs. time : 26.35821795463562
2018-10-11 16:00:09,679 INFO Click!. time : 31.362367153167725
2018-10-11 16:00:10,076 INFO We found the `Next` button. Gonna get the next page: 3. time : 31.75994324684143
2018-10-11 16:00:10,096 INFO We have no found the searched company name: Best Sacramento Movers  into the current page : 3, get next page. time : 31.77924680709839
2018-10-11 16:00:10,166 INFO Sleep 5 secs. time : 31.849510431289673
2018-10-11 16:00:15,171 INFO Click!. time : 36.85478115081787
2018-10-11 16:00:15,185 INFO We have no found the searched company name: Best Sacramento Movers  into the current page : 3, get next page. time : 36.86901640892029
2018-10-11 16:00:15,214 INFO Sleep 5 secs. time : 36.898178577423096
2018-10-11 16:00:20,220 INFO Click!. time : 41.903488874435425
2018-10-11 16:00:20,605 INFO We found the `Next` button. Gonna get the next page: 4. time : 42.28825330734253
2018-10-11 16:00:20,615 INFO We have no found the searched company name: Best Sacramento Movers  into the current page : 4, get next page. time : 42.298261642456055
2018-10-11 16:00:20,660 INFO Sleep 5 secs. time : 42.34398865699768
2018-10-11 16:00:25,664 INFO Click!. time : 47.347333908081055
2018-10-11 16:00:25,681 INFO We have no found the searched company name: Best Sacramento Movers  into the current page : 4, get next page. time : 47.364391803741455
2018-10-11 16:00:25,717 INFO Sleep 5 secs. time : 47.40071105957031
2018-10-11 16:00:30,718 INFO Click!. time : 52.40146780014038
2018-10-11 16:00:31,057 INFO We found the `Next` button. Gonna get the next page: 5. time : 52.74080848693848
2018-10-11 16:00:31,066 INFO We have no found the searched company name: Best Sacramento Movers  into the current page : 5, get next page. time : 52.749711990356445
2018-10-11 16:00:31,108 INFO Sleep 5 secs. time : 52.791632890701294
2018-10-11 16:00:36,113 INFO Click!. time : 57.796929121017456
2018-10-11 16:00:36,151 INFO link at 57.8126962184906 ['_parent', '_id', '_w3c', '__module__', 'anonymous_children', 'find_anonymous_element_by_attribute', '__doc__', '__init__', '__repr__', 'tag_name', 'text', 'click', 'submit', 'clear', 'get_property', 'get_attribute', 'is_selected', 'is_enabled', 'find_element_by_id', 'find_elements_by_id', 'find_element_by_name', 'find_elements_by_name', 'find_element_by_link_text', 'find_elements_by_link_text', 'find_element_by_partial_link_text', 'find_elements_by_partial_link_text', 'find_element_by_tag_name', 'find_elements_by_tag_name', 'find_element_by_xpath', 'find_elements_by_xpath', 'find_element_by_class_name', 'find_elements_by_class_name', 'find_element_by_css_selector', 'find_elements_by_css_selector', 'send_keys', 'is_displayed', 'location_once_scrolled_into_view', 'size', 'value_of_css_property', 'location', 'rect', 'screenshot_as_base64', 'screenshot_as_png', 'screenshot', 'parent', 'id', '__eq__', '__ne__', '_execute', 'find_element', 'find_elements', '__hash__', '_upload', '__dict__', '__weakref__', '__str__', '__getattribute__', '__setattr__', '__delattr__', '__lt__', '__le__', '__gt__', '__ge__', '__new__', '__reduce_ex__', '__reduce__', '__subclasshook__', '__init_subclass__', '__format__', '__sizeof__', '__dir__', '__class__'] Best Sacramento Movers
2018-10-11 16:00:36,151 INFO We found the `Next` button. Gonna get the next page: 5. time : 57.83496713638306
2018-10-11 16:00:36,175 INFO link at 57.840609312057495 ['_parent', '_id', '_w3c', '__module__', 'anonymous_children', 'find_anonymous_element_by_attribute', '__doc__', '__init__', '__repr__', 'tag_name', 'text', 'click', 'submit', 'clear', 'get_property', 'get_attribute', 'is_selected', 'is_enabled', 'find_element_by_id', 'find_elements_by_id', 'find_element_by_name', 'find_elements_by_name', 'find_element_by_link_text', 'find_elements_by_link_text', 'find_element_by_partial_link_text', 'find_elements_by_partial_link_text', 'find_element_by_tag_name', 'find_elements_by_tag_name', 'find_element_by_xpath', 'find_elements_by_xpath', 'find_element_by_class_name', 'find_elements_by_class_name', 'find_element_by_css_selector', 'find_elements_by_css_selector', 'send_keys', 'is_displayed', 'location_once_scrolled_into_view', 'size', 'value_of_css_property', 'location', 'rect', 'screenshot_as_base64', 'screenshot_as_png', 'screenshot', 'parent', 'id', '__eq__', '__ne__', '_execute', 'find_element', 'find_elements', '__hash__', '_upload', '__dict__', '__weakref__', '__str__', '__getattribute__', '__setattr__', '__delattr__', '__lt__', '__le__', '__gt__', '__ge__', '__new__', '__reduce_ex__', '__reduce__', '__subclasshook__', '__init_subclass__', '__format__', '__sizeof__', '__dir__', '__class__'] Best Sacramento Movers
2018-10-11 16:00:36,175 INFO We found the `Next` button. Gonna get the next page: 4. time : 57.85875749588013
2018-10-11 16:00:36,197 INFO link at 57.865764141082764 ['_parent', '_id', '_w3c', '__module__', 'anonymous_children', 'find_anonymous_element_by_attribute', '__doc__', '__init__', '__repr__', 'tag_name', 'text', 'click', 'submit', 'clear', 'get_property', 'get_attribute', 'is_selected', 'is_enabled', 'find_element_by_id', 'find_elements_by_id', 'find_element_by_name', 'find_elements_by_name', 'find_element_by_link_text', 'find_elements_by_link_text', 'find_element_by_partial_link_text', 'find_elements_by_partial_link_text', 'find_element_by_tag_name', 'find_elements_by_tag_name', 'find_element_by_xpath', 'find_elements_by_xpath', 'find_element_by_class_name', 'find_elements_by_class_name', 'find_element_by_css_selector', 'find_elements_by_css_selector', 'send_keys', 'is_displayed', 'location_once_scrolled_into_view', 'size', 'value_of_css_property', 'location', 'rect', 'screenshot_as_base64', 'screenshot_as_png', 'screenshot', 'parent', 'id', '__eq__', '__ne__', '_execute', 'find_element', 'find_elements', '__hash__', '_upload', '__dict__', '__weakref__', '__str__', '__getattribute__', '__setattr__', '__delattr__', '__lt__', '__le__', '__gt__', '__ge__', '__new__', '__reduce_ex__', '__reduce__', '__subclasshook__', '__init_subclass__', '__format__', '__sizeof__', '__dir__', '__class__'] Best Sacramento Movers
2018-10-11 16:00:36,197 INFO We found the `Next` button. Gonna get the next page: 3. time : 57.88079905509949
2018-10-11 16:00:36,222 INFO link at 57.887866735458374 ['_parent', '_id', '_w3c', '__module__', 'anonymous_children', 'find_anonymous_element_by_attribute', '__doc__', '__init__', '__repr__', 'tag_name', 'text', 'click', 'submit', 'clear', 'get_property', 'get_attribute', 'is_selected', 'is_enabled', 'find_element_by_id', 'find_elements_by_id', 'find_element_by_name', 'find_elements_by_name', 'find_element_by_link_text', 'find_elements_by_link_text', 'find_element_by_partial_link_text', 'find_elements_by_partial_link_text', 'find_element_by_tag_name', 'find_elements_by_tag_name', 'find_element_by_xpath', 'find_elements_by_xpath', 'find_element_by_class_name', 'find_elements_by_class_name', 'find_element_by_css_selector', 'find_elements_by_css_selector', 'send_keys', 'is_displayed', 'location_once_scrolled_into_view', 'size', 'value_of_css_property', 'location', 'rect', 'screenshot_as_base64', 'screenshot_as_png', 'screenshot', 'parent', 'id', '__eq__', '__ne__', '_execute', 'find_element', 'find_elements', '__hash__', '_upload', '__dict__', '__weakref__', '__str__', '__getattribute__', '__setattr__', '__delattr__', '__lt__', '__le__', '__gt__', '__ge__', '__new__', '__reduce_ex__', '__reduce__', '__subclasshook__', '__init_subclass__', '__format__', '__sizeof__', '__dir__', '__class__'] Best Sacramento Movers
2018-10-11 16:00:36,222 INFO We found the `Next` button. Gonna get the next page: 2. time : 57.90592169761658
2018-10-11 16:00:36,246 INFO link at 57.91106843948364 ['_parent', '_id', '_w3c', '__module__', 'anonymous_children', 'find_anonymous_element_by_attribute', '__doc__', '__init__', '__repr__', 'tag_name', 'text', 'click', 'submit', 'clear', 'get_property', 'get_attribute', 'is_selected', 'is_enabled', 'find_element_by_id', 'find_elements_by_id', 'find_element_by_name', 'find_elements_by_name', 'find_element_by_link_text', 'find_elements_by_link_text', 'find_element_by_partial_link_text', 'find_elements_by_partial_link_text', 'find_element_by_tag_name', 'find_elements_by_tag_name', 'find_element_by_xpath', 'find_elements_by_xpath', 'find_element_by_class_name', 'find_elements_by_class_name', 'find_element_by_css_selector', 'find_elements_by_css_selector', 'send_keys', 'is_displayed', 'location_once_scrolled_into_view', 'size', 'value_of_css_property', 'location', 'rect', 'screenshot_as_base64', 'screenshot_as_png', 'screenshot', 'parent', 'id', '__eq__', '__ne__', '_execute', 'find_element', 'find_elements', '__hash__', '_upload', '__dict__', '__weakref__', '__str__', '__getattribute__', '__setattr__', '__delattr__', '__lt__', '__le__', '__gt__', '__ge__', '__new__', '__reduce_ex__', '__reduce__', '__subclasshook__', '__init_subclass__', '__format__', '__sizeof__', '__dir__', '__class__'] Best Sacramento Movers
2018-10-11 16:01:18,355 INFO Spended Time : 100.0383870601654
2018-10-11 16:01:18,355 INFO Task Ends
