2018-10-12 15:43:34,962 INFO Log started
2018-10-12 15:43:34,963 INFO Current UA : Mozilla/5.0 (Windows NT 5.1; rv:13.0) Gecko/20100101 Firefox/13.0.1
2018-10-12 15:43:34,963 INFO Current Target URL : bestsacramentomovers.co
2018-10-12 15:43:38,775 INFO Current Screen Resolution : {'h': '1024', 'w': '768'}
2018-10-12 15:43:38,888 INFO Task Starts
2018-10-12 15:43:38,888 INFO Current Estimating Session Duration: 195
2018-10-12 15:43:48,768 INFO Get YELP.COM at 9.879507541656494
2018-10-12 15:43:54,506 INFO main search button at 15.618059873580933
2018-10-12 15:43:54,557 INFO We have no found the searched company name: `Best Sacramento Movers`  into the current page : 1, get next page. time : 15.668464660644531
2018-10-12 15:43:54,714 INFO Click!. time : 15.825794219970703
2018-10-12 15:43:55,209 INFO We found the `Next` button. Gonna get the next page: 2. time : 16.32085156440735
2018-10-12 15:43:55,225 INFO We have no found the searched company name: `Best Sacramento Movers`  into the current page : 2, get next page. time : 16.336569786071777
2018-10-12 15:43:55,250 INFO Click!. time : 16.36126184463501
2018-10-12 15:43:55,270 INFO Can`t click it. Sleep 3 secs. and try again time : 16.381253004074097
2018-10-12 15:43:58,309 INFO We have no found the searched company name: `Best Sacramento Movers`  into the current page : 2, get next page. time : 19.42033290863037
2018-10-12 15:43:58,375 INFO Click!. time : 19.48635506629944
2018-10-12 15:43:59,237 INFO We found the `Next` button. Gonna get the next page: 3. time : 20.34870958328247
2018-10-12 15:43:59,255 INFO We have no found the searched company name: `Best Sacramento Movers`  into the current page : 3, get next page. time : 20.367120027542114
2018-10-12 15:43:59,304 INFO Click!. time : 20.415814876556396
2018-10-12 15:43:59,324 INFO Can`t click it. Sleep 3 secs. and try again time : 20.43525743484497
2018-10-12 15:44:02,614 INFO We have no found the searched company name: `Best Sacramento Movers`  into the current page : 3, get next page. time : 23.725446701049805
2018-10-12 15:44:02,804 INFO Click!. time : 23.915334939956665
2018-10-12 15:44:03,409 INFO We found the `Next` button. Gonna get the next page: 4. time : 24.52050518989563
2018-10-12 15:44:03,451 INFO We have no found the searched company name: `Best Sacramento Movers`  into the current page : 4, get next page. time : 24.562220811843872
2018-10-12 15:44:03,657 INFO Click!. time : 24.769111394882202
2018-10-12 15:44:03,710 INFO Can`t click it. Sleep 3 secs. and try again time : 24.822067260742188
2018-10-12 15:44:06,721 INFO We have no found the searched company name: `Best Sacramento Movers`  into the current page : 4, get next page. time : 27.83255362510681
2018-10-12 15:44:06,770 INFO Click!. time : 27.88138222694397
2018-10-12 15:44:07,145 INFO We found the `Next` button. Gonna get the next page: 5. time : 28.256662607192993
2018-10-12 15:44:07,179 INFO We have no found the searched company name: `Best Sacramento Movers`  into the current page : 5, get next page. time : 28.290621995925903
2018-10-12 15:44:07,279 INFO Click!. time : 28.39105248451233
2018-10-12 15:44:07,293 INFO Can`t click it. Sleep 3 secs. and try again time : 28.404914379119873
2018-10-12 15:44:10,367 INFO We found a company link at 31.437464475631714 company name : `Best Sacramento Movers`, page : 5
2018-10-12 15:44:13,441 INFO Get company page . Time : 34.55282139778137
2018-10-12 15:44:13,441 INFO try to find the company link : bestsacramentomovers.co. Time : 34.55318307876587
2018-10-12 15:45:18,921 INFO Spended Time : 100.03267216682434
2018-10-12 15:45:18,921 INFO Task Ends
