2018-10-12 15:54:06,725 INFO Log started
2018-10-12 15:54:06,725 INFO Current UA : Opera/9.80 (Android 4.1.2; Linux; Opera Mobi/ADR-1305251841) Presto/2.11.355 Version/12.10
2018-10-12 15:54:06,726 INFO Current Target URL : bestsacramentomovers.co
2018-10-12 15:54:11,799 INFO Current Screen Resolution : {'h': '1125', 'w': '2436'}
2018-10-12 15:54:12,106 INFO Task Starts
2018-10-12 15:54:12,106 INFO Current Estimating Session Duration: 177
2018-10-12 15:54:19,314 INFO Get YELP.COM at 7.208012104034424
2018-10-12 15:54:25,049 INFO main search button at 12.942662000656128
2018-10-12 15:54:25,096 INFO We have no found the searched company name: `Best Sacramento Movers`  into the current page : 1, get next page. time : 12.989956617355347
2018-10-12 15:54:25,254 INFO Click!. time : 13.14777660369873
2018-10-12 15:54:25,687 INFO We found the `Next` button. Gonna get the next page: 2. time : 13.580785989761353
2018-10-12 15:54:25,708 INFO We have no found the searched company name: `Best Sacramento Movers`  into the current page : 2, get next page. time : 13.60158371925354
2018-10-12 15:54:25,734 INFO Click!. time : 13.628055334091187
2018-10-12 15:54:25,770 INFO Can`t click it. Sleep 3 secs. and try again time : 13.663953065872192
2018-10-12 15:54:29,125 INFO We have no found the searched company name: `Best Sacramento Movers`  into the current page : 2, get next page. time : 17.018930673599243
2018-10-12 15:54:29,300 INFO Click!. time : 17.193617582321167
2018-10-12 15:54:29,853 INFO We found the `Next` button. Gonna get the next page: 3. time : 17.746493577957153
2018-10-12 15:54:29,887 INFO We have no found the searched company name: `Best Sacramento Movers`  into the current page : 3, get next page. time : 17.780494928359985
2018-10-12 15:54:30,008 INFO Click!. time : 17.9017276763916
2018-10-12 15:54:30,059 INFO Can`t click it. Sleep 3 secs. and try again time : 17.952709197998047
2018-10-12 15:54:34,409 INFO We have no found the searched company name: `Best Sacramento Movers`  into the current page : 3, get next page. time : 22.30299663543701
2018-10-12 15:54:34,599 INFO Click!. time : 22.493106365203857
2018-10-12 15:54:35,204 INFO We found the `Next` button. Gonna get the next page: 4. time : 23.09821605682373
2018-10-12 15:54:35,222 INFO We have no found the searched company name: `Best Sacramento Movers`  into the current page : 4, get next page. time : 23.11624312400818
2018-10-12 15:54:35,279 INFO Click!. time : 23.173115968704224
2018-10-12 15:54:35,299 INFO Can`t click it. Sleep 3 secs. and try again time : 23.192962884902954
2018-10-12 15:54:38,312 INFO We have no found the searched company name: `Best Sacramento Movers`  into the current page : 4, get next page. time : 26.20588755607605
2018-10-12 15:54:38,378 INFO Click!. time : 26.272103786468506
2018-10-12 15:54:38,814 INFO We found the `Next` button. Gonna get the next page: 5. time : 26.707659006118774
2018-10-12 15:54:38,839 INFO We have no found the searched company name: `Best Sacramento Movers`  into the current page : 5, get next page. time : 26.732717752456665
2018-10-12 15:54:38,908 INFO Click!. time : 26.801929235458374
2018-10-12 15:54:38,939 INFO Can`t click it. Sleep 3 secs. and try again time : 26.833417892456055
2018-10-12 15:54:41,969 INFO We found a company link at 29.845242500305176 company name : `Best Sacramento Movers`, page : 5
2018-10-12 15:54:45,186 INFO Get company page . Time : 33.08016109466553
2018-10-12 15:54:45,187 INFO try to find the company link : bestsacramentomovers.co, Time : 33.080487966537476
2018-10-12 15:54:45,372 INFO COMPANY SITE LINK CLICKED! Time : 33.265934228897095
2018-10-12 15:54:47,069 INFO Browser Closed! Time : 34.96309494972229
2018-10-12 15:55:52,171 INFO Spended Time : 100.06506514549255
2018-10-12 15:55:52,171 INFO Task Ends
