2018-10-12 16:46:03,453 INFO Log started
2018-10-12 16:46:03,454 INFO Current UA : Opera/9.80 (Android 4.1.2; Linux; Opera Mobi/ADR-1305251841) Presto/2.11.355 Version/12.10
2018-10-12 16:46:03,454 INFO Current Target URL : bestsacramentomovers.co
2018-10-12 16:46:07,296 INFO Current Screen Resolution : {'h': '1125', 'w': '2436'}
2018-10-12 16:46:07,363 INFO Task Starts
2018-10-12 16:46:07,363 INFO Current Estimating Session Duration: 196
2018-10-12 16:46:16,037 INFO Get YELP.COM at 8.6745285987854
2018-10-12 16:46:16,038 INFO stay on page for: 6sec, page : 8.674820184707642
2018-10-12 16:46:26,763 INFO main search button at 19.399638414382935
2018-10-12 16:46:26,763 INFO stay on page for: 7sec, page : 19.39995837211609
2018-10-12 16:46:34,781 INFO We have no found the searched company name: `Best Sacramento Movers`  into the current page : 1, get next page. time : 27.41833233833313
2018-10-12 16:46:34,820 INFO Click!. time : 27.457353830337524
2018-10-12 16:46:37,004 INFO stay on page for: 7sec, page : 29.641358137130737
2018-10-12 16:46:44,011 INFO We found the `Next` button. Gonna get the next page: 2. time : 36.648261308670044
2018-10-12 16:46:44,021 INFO We have no found the searched company name: `Best Sacramento Movers`  into the current page : 2, get next page. time : 36.65812063217163
2018-10-12 16:46:44,051 INFO Click!. time : 36.688090562820435
2018-10-12 16:46:44,398 INFO stay on page for: 6sec, page : 37.034897565841675
2018-10-12 16:46:50,404 INFO We found the `Next` button. Gonna get the next page: 3. time : 43.041311264038086
2018-10-12 16:46:50,413 INFO We have no found the searched company name: `Best Sacramento Movers`  into the current page : 3, get next page. time : 43.05005645751953
2018-10-12 16:46:50,443 INFO Click!. time : 43.079933643341064
2018-10-12 16:46:50,779 INFO stay on page for: 7sec, page : 43.41573214530945
2018-10-12 16:46:57,781 INFO We found the `Next` button. Gonna get the next page: 4. time : 50.41834807395935
2018-10-12 16:46:57,791 INFO We have no found the searched company name: `Best Sacramento Movers`  into the current page : 4, get next page. time : 50.42842125892639
2018-10-12 16:46:57,820 INFO Click!. time : 50.45729947090149
2018-10-12 16:46:58,186 INFO stay on page for: 5sec, page : 50.82301640510559
2018-10-12 16:47:03,191 INFO We found the `Next` button. Gonna get the next page: 5. time : 55.82834076881409
2018-10-12 16:47:03,218 INFO We found a company link at 55.83571982383728 company name : `Best Sacramento Movers`, page : 5
2018-10-12 16:47:05,888 INFO Get company page . Time : 58.525471687316895
2018-10-12 16:47:05,889 INFO try to find the company link : bestsacramentomovers.co, Time : 58.525794982910156
2018-10-12 16:47:06,068 INFO COMPANY SITE LINK CLICKED! Time : 58.70490312576294
2018-10-12 16:47:06,068 INFO stay on page for: 7sec, page : 58.70519781112671
2018-10-12 16:47:13,075 INFO Browser Closed! Time : 65.71241641044617
2018-10-12 16:47:47,397 INFO Spended Time : 100.03432297706604
2018-10-12 16:47:47,398 INFO Task Ends
