2018-10-12 15:39:14,551 INFO Log started
2018-10-12 15:39:14,580 INFO Current UA : Opera/9.80 (Android 4.1.2; Linux; Opera Mobi/ADR-1305251841) Presto/2.11.355 Version/12.10
2018-10-12 15:39:14,580 INFO Current Target URL : bestsacramentomovers.co
2018-10-12 15:39:24,552 INFO Current Screen Resolution : {'h': '1080', 'w': '1920'}
2018-10-12 15:39:25,157 INFO Task Starts
2018-10-12 15:39:25,157 INFO Current Estimating Session Duration: 183
2018-10-12 15:39:32,666 INFO Get YELP.COM at 7.509340763092041
2018-10-12 15:39:39,072 INFO main search button at 13.915543794631958
2018-10-12 15:39:39,131 INFO We have no found the searched company name: `Best Sacramento Movers`  into the current page : 1, get next page. time : 13.974544525146484
2018-10-12 15:39:39,262 INFO Click!. time : 14.104799509048462
2018-10-12 15:39:40,670 INFO We found the `Next` button. Gonna get the next page: 2. time : 15.513374328613281
2018-10-12 15:39:40,697 INFO We have no found the searched company name: `Best Sacramento Movers`  into the current page : 2, get next page. time : 15.53974175453186
2018-10-12 15:39:40,837 INFO Click!. time : 15.680191278457642
2018-10-12 15:39:40,874 INFO Can`t click it. Sleep 3 secs. and try again time : 15.717314004898071
2018-10-12 15:39:43,889 INFO We have no found the searched company name: `Best Sacramento Movers`  into the current page : 2, get next page. time : 18.731894493103027
2018-10-12 15:39:43,937 INFO Click!. time : 18.779982566833496
2018-10-12 15:39:44,288 INFO We found the `Next` button. Gonna get the next page: 3. time : 19.13141179084778
2018-10-12 15:39:44,296 INFO We have no found the searched company name: `Best Sacramento Movers`  into the current page : 3, get next page. time : 19.138768672943115
2018-10-12 15:39:44,345 INFO Click!. time : 19.187901973724365
2018-10-12 15:39:44,365 INFO Can`t click it. Sleep 3 secs. and try again time : 19.20849323272705
2018-10-12 15:39:47,377 INFO We have no found the searched company name: `Best Sacramento Movers`  into the current page : 3, get next page. time : 22.219823598861694
2018-10-12 15:39:47,411 INFO Click!. time : 22.253613710403442
2018-10-12 15:39:47,814 INFO We found the `Next` button. Gonna get the next page: 4. time : 22.656696557998657
2018-10-12 15:39:47,866 INFO We have no found the searched company name: `Best Sacramento Movers`  into the current page : 4, get next page. time : 22.709485054016113
2018-10-12 15:39:47,943 INFO Click!. time : 22.786429166793823
2018-10-12 15:39:48,050 INFO Can`t click it. Sleep 3 secs. and try again time : 22.892866849899292
2018-10-12 15:39:51,069 INFO We have no found the searched company name: `Best Sacramento Movers`  into the current page : 4, get next page. time : 25.912355422973633
2018-10-12 15:39:51,110 INFO Click!. time : 25.95340085029602
2018-10-12 15:39:51,434 INFO We found the `Next` button. Gonna get the next page: 5. time : 26.277289390563965
2018-10-12 15:39:51,473 INFO We have no found the searched company name: `Best Sacramento Movers`  into the current page : 5, get next page. time : 26.31588649749756
2018-10-12 15:39:51,560 INFO Click!. time : 26.40316104888916
2018-10-12 15:39:51,581 INFO Can`t click it. Sleep 3 secs. and try again time : 26.423625946044922
2018-10-12 15:39:54,614 INFO We found a company link at 29.43588352203369 company name : `Best Sacramento Movers`, page : 5
2018-10-12 15:39:57,695 INFO Get company page . Time : 32.53778052330017
2018-10-12 15:41:05,224 INFO Spended Time : 100.06731653213501
2018-10-12 15:41:05,225 INFO Task Ends
